<?xml version="1.0" encoding="UTF-8"?>
<testng-results ignored="0" total="1" passed="1" failed="0" skipped="0">
  <reporter-output>
  </reporter-output>
  <suite started-at="2020-12-18T16:39:16 IST" name="Default suite" finished-at="2020-12-18T16:39:28 IST" duration-ms="12738">
    <groups>
    </groups>
    <test started-at="2020-12-18T16:39:16 IST" name="Default test" finished-at="2020-12-18T16:39:28 IST" duration-ms="12738">
      <class name="Firefoxlaunch">
        <test-method signature="launch_browser()[pri:0, instance:Firefoxlaunch@1356d4d4]" started-at="2020-12-18T16:39:16 IST" name="launch_browser" finished-at="2020-12-18T16:39:28 IST" duration-ms="12687" status="PASS">
          <reporter-output>
          </reporter-output>
        </test-method> <!-- launch_browser -->
      </class> <!-- Firefoxlaunch -->
    </test> <!-- Default test -->
  </suite> <!-- Default suite -->
</testng-results>
